[2026-01-10T10:30:10.374Z] [Status: OK] [LIST_TABLES]
[2026-01-10T10:30:10.378Z] [Status: OK] [SELECT 1 as one]
[2026-01-10T10:30:10.381Z] [Status: BLOCKED] [DELETE FROM users]
[2026-01-10T11:50:07.934Z] [Status: OK] [ADMIN_LIST_PERMISSIONS]
[2026-01-10T12:37:34.704Z] [Status: BLOCKED] [SELECT * FROM users]
[2026-01-10T12:38:09.188Z] [Status: OK] [ADMIN_TOGGLE_PERMISSION table_name: "users"=undefined]
[2026-01-10T12:38:28.328Z] [Status: BLOCKED] [SELECT * FROM users]
[2026-01-10T12:38:55.521Z] [Status: BLOCKED] [SELECT * FROM users]
[2026-01-10T12:39:09.003Z] [Status: OK] [ADMIN_TOGGLE_PERMISSION table_name: "users"=undefined]
[2026-01-10T12:39:33.076Z] [Status: BLOCKED] [SELECT * FROM users]
[2026-01-10T12:47:23.500Z] [Status: OK] [ADMIN_TOGGLE_PERMISSION users=undefined]
[2026-01-10T12:47:36.829Z] [Status: BLOCKED] [SELECT * FROM users]
[2026-01-10T12:48:14.520Z] [Status: OK] [ADMIN_TOGGLE_PERMISSION users=undefined]
[2026-01-10T13:05:31.016Z] [Status: OK] [ADMIN_TOGGLE_PERMISSION user=undefined]
[2026-01-10T13:05:44.605Z] [Status: BLOCKED] [SELECT * FROM users]
[2026-01-10T13:05:47.565Z] [Status: BLOCKED] [SELECT * FROM user]
[2026-01-10T13:05:54.940Z] [Status: OK] [LIST_TABLES]
[2026-01-10T13:06:08.306Z] [Status: OK] [ADMIN_LIST_PERMISSIONS]
[2026-01-10T13:06:48.062Z] [Status: OK] [LIST_TABLES]
[2026-01-10T13:07:09.505Z] [Status: OK] [ADMIN_TOGGLE_PERMISSION users=true]
[2026-01-10T13:07:25.980Z] [Status: OK] [ADMIN_LIST_PERMISSIONS]
[2026-01-10T13:07:48.813Z] [Status: OK] [SELECT * FROM users]
[2026-01-10T13:31:30.555Z] [Status: OK] [LIST_TABLES]
[2026-01-10T13:31:32.954Z] [Status: OK] [ADMIN_LIST_PERMISSIONS]
[2026-01-10T13:34:59.951Z] [Status: OK] [ADMIN_TOGGLE_PERMISSION temp_table_xyz=true]
[2026-01-10T13:35:20.321Z] [Status: OK] [LIST_TABLES]
[2026-01-10T13:35:24.087Z] [Status: OK] [ADMIN_LIST_PERMISSIONS]
[2026-01-10T13:35:45.430Z] [Status: OK] [LIST_TABLES]
[2026-01-10T13:35:46.784Z] [Status: OK] [ADMIN_LIST_PERMISSIONS]
[2026-01-10T13:36:16.416Z] [Status: OK] [ADMIN_TOGGLE_PERMISSION user=true]
[2026-01-10T13:36:22.774Z] [Status: OK] [ADMIN_LIST_PERMISSIONS]
[2026-01-10T13:36:25.599Z] [Status: OK] [LIST_TABLES]
[2026-01-10T13:36:27.636Z] [Status: OK] [ADMIN_LIST_PERMISSIONS]
[2026-01-10T13:36:40.735Z] [Status: OK] [ADMIN_TOGGLE_PERMISSION test bdd hacker =true]
[2026-01-10T13:36:53.314Z] [Status: OK] [ADMIN_LIST_PERMISSIONS]
[2026-01-10T13:40:12.135Z] [Status: OK] [ADMIN_TOGGLE_PERMISSION good_table_for_test=true]
[2026-01-10T13:45:25.982Z] [Status: OK] [ADMIN_LIST_PERMISSIONS]
[2026-01-10T13:45:32.330Z] [Status: OK] [LIST_TABLES]
[2026-01-10T13:45:35.529Z] [Status: OK] [ADMIN_LIST_PERMISSIONS]
[2026-01-10T13:45:45.202Z] [Status: OK] [ADMIN_TOGGLE_PERMISSION hacker mode =true]
[2026-01-10T13:45:48.420Z] [Status: OK] [ADMIN_LIST_PERMISSIONS]
[2026-01-10T13:45:50.384Z] [Status: OK] [LIST_TABLES]
[2026-01-10T13:54:45.213Z] [Status: OK] [LIST_TABLES]
[2026-01-10T13:54:47.039Z] [Status: OK] [ADMIN_LIST_PERMISSIONS]
[2026-01-10T13:55:05.253Z] [Status: OK] [LIST_TABLES]
[2026-01-10T13:55:06.801Z] [Status: OK] [ADMIN_LIST_PERMISSIONS]
[2026-01-10T13:56:45.971Z] [Status: OK] [ADMIN_TOGGLE_PERMISSION users=undefined]
[2026-01-10T13:56:50.375Z] [Status: OK] [ADMIN_TOGGLE_PERMISSION users=true]
[2026-01-10T13:57:00.044Z] [Status: OK] [ADMIN_TOGGLE_PERMISSION users=false]
[2026-01-10T13:58:20.366Z] [Status: OK] [LIST_TABLES]
[2026-01-10T13:58:22.337Z] [Status: OK] [ADMIN_LIST_PERMISSIONS]
[2026-01-10T13:59:22.945Z] [Status: BLOCKED] [SELECT * FROM "uSeRs"]
[2026-01-10T14:00:12.736Z] [Status: BLOCKED] [CREATE TABLE secrets (id INTEGER, message TEXT)]
[2026-01-10T14:00:48.975Z] [Status: OK] [LIST_TABLES]
[2026-01-10T14:00:52.322Z] [Status: OK] [ADMIN_LIST_PERMISSIONS]
[2026-01-10T14:02:29.883Z] [Status: OK] [ADMIN_LIST_PERMISSIONS]
[2026-01-10T14:02:37.810Z] [Status: OK] [LIST_TABLES]
[2026-01-10T14:25:52.970Z] [Status: OK] [LIST_TABLES]
[2026-01-10T14:25:55.215Z] [Status: OK] [ADMIN_LIST_PERMISSIONS]
[2026-01-10T14:26:29.347Z] [Status: OK] [ADMIN_LIST_PERMISSIONS]
[2026-01-10T14:26:43.578Z] [Status: OK] [LIST_TABLES]
[2026-01-10T14:28:18.814Z] [Status: BLOCKED] [CREATE TABLE ma_nouvelle_table (id INTEGER PRIMARY KEY, info TEXT);]
[2026-01-10T14:28:53.839Z] [Status: OK] [ADMIN_LIST_PERMISSIONS]
[2026-01-10T14:32:54.423Z] [Status: BLOCKED] [ADMIN_TOGGLE_PERMISSION FAILED: ma_nouvelle_table non-existent]
[2026-01-10T14:34:51.614Z] [Status: OK] [LIST_TABLES]
[2026-01-10T14:34:54.654Z] [Status: OK] [ADMIN_LIST_PERMISSIONS]
[2026-01-10T14:35:40.802Z] [Status: OK] [ADMIN_TOGGLE_PERMISSION ma_nouvelle_table write=true]
